<?xml version="1.0" encoding="UTF-8"?>
<!-- Generated by org.testng.reporters.JUnitXMLReporter -->
<testsuite ignored="6" hostname="DESKTOP-FD4QRKI" failures="0" tests="10" name="Test" time="4.558" errors="0" timestamp="2022-08-22T11:24:48 IST">
  <testcase classname="RMGYANTRA.BasicAuthTest" name="basicAuthTest" time="1.818"/>
  <testcase classname="RMGYANTRA.CreateProjectGetAndVerifyInDB" name="endToEndScenarioTest" time="1.565"/>
  <testcase classname="RMGYANTRA.CreateAndDeleteAProjectTest" name="deleteSingleProjectTest" time="0.214"/>
  <testcase classname="RMGYANTRA.GetAllProjectTest" name="getProjectTest" time="0.133"/>
  <testcase classname="RMGYANTRA.CreateProjectUsingJSONObjectTest" name="createProjectUsingJSONObjectTest" time="0.089"/>
  <testcase classname="RMGYANTRA.CreateProjectTest" name="createProjectTest" time="0.11"/>
  <testcase classname="RMGYANTRA.GetSingleProjectTest" name="getSingleProjectTest" time="0.159"/>
  <testcase classname="RMGYANTRA.CreateProjectUsingJSONFileTest" name="createProjectUsingJSONFileTest" time="0.104"/>
  <testcase classname="RMGYANTRA.CreateProjectUsingMapTest" name="createProjectUsingMapTest" time="0.072"/>
  <testcase classname="RMGYANTRA.CreateAndUpdateProjectTest" name="updateProjectTest" time="0.187"/>
  <testcase classname="GenericLibrary.BaseAPIClass" name="@BeforeSuite beforeConfiguration" time="0.0">
    <ignored/>
  </testcase> <!-- @BeforeSuite beforeConfiguration -->
  <testcase classname="GenericLibrary.BaseAPIClass" name="@BeforeSuite beforeConfiguration" time="0.0">
    <ignored/>
  </testcase> <!-- @BeforeSuite beforeConfiguration -->
  <testcase classname="GenericLibrary.BaseAPIClass" name="@BeforeSuite beforeConfiguration" time="0.0">
    <ignored/>
  </testcase> <!-- @BeforeSuite beforeConfiguration -->
  <testcase classname="GenericLibrary.BaseAPIClass" name="@AfterSuite afterConfiguration" time="0.0">
    <ignored/>
  </testcase> <!-- @AfterSuite afterConfiguration -->
  <testcase classname="GenericLibrary.BaseAPIClass" name="@AfterSuite afterConfiguration" time="0.0">
    <ignored/>
  </testcase> <!-- @AfterSuite afterConfiguration -->
  <testcase classname="GenericLibrary.BaseAPIClass" name="@AfterSuite afterConfiguration" time="0.0">
    <ignored/>
  </testcase> <!-- @AfterSuite afterConfiguration -->
</testsuite> <!-- Test -->
