<?xml version="1.0" encoding="UTF-8"?>
<!-- Generated by org.testng.reporters.JUnitXMLReporter -->
<testsuite ignored="6" hostname="DESKTOP-FD4QRKI" failures="0" tests="10" name="Test" time="6.091" errors="0" timestamp="2022-08-21T13:05:18 IST">
  <testcase classname="RMGYANTRA.CreateProjectGetAndVerifyInDB" name="endToEndScenarioTest" time="4.258"/>
  <testcase classname="RMGYANTRA.GetAllProjectTest" name="getProjectTest" time="0.042"/>
  <testcase classname="RMGYANTRA.CreateProjectUsingJSONObjectTest" name="createProjectUsingJSONObjectTest" time="0.197"/>
  <testcase classname="RMGYANTRA.CreateProjectTest" name="createProjectTest" time="0.09"/>
  <testcase classname="RMGYANTRA.UpdateProjectTest" name="updateProjectTest" time="0.198"/>
  <testcase classname="RMGYANTRA.CreateProjectUsingJSONFileTest" name="createProjectUsingJSONFileTest" time="0.216"/>
  <testcase classname="RMGYANTRA.CreateProjectUsingMapTest" name="createProjectUsingMapTest" time="0.076"/>
  <testcase classname="RMGYANTRA.DeleteSingleProjectTest" name="deleteSingleProjectTest" time="0.213"/>
  <testcase classname="RMGYANTRA.BasicAuthTest" name="basicAuthTest" time="0.395"/>
  <testcase classname="RMGYANTRA.GetSingleProjectTest" name="getSingleProjectTest" time="0.321"/>
  <testcase classname="GenericLibrary.BaseAPIClass" name="@BeforeSuite beforeConfiguration" time="0.0">
    <ignored/>
  </testcase> <!-- @BeforeSuite beforeConfiguration -->
  <testcase classname="GenericLibrary.BaseAPIClass" name="@BeforeSuite beforeConfiguration" time="0.0">
    <ignored/>
  </testcase> <!-- @BeforeSuite beforeConfiguration -->
  <testcase classname="GenericLibrary.BaseAPIClass" name="@BeforeSuite beforeConfiguration" time="0.0">
    <ignored/>
  </testcase> <!-- @BeforeSuite beforeConfiguration -->
  <testcase classname="GenericLibrary.BaseAPIClass" name="@AfterSuite afterConfiguration" time="0.0">
    <ignored/>
  </testcase> <!-- @AfterSuite afterConfiguration -->
  <testcase classname="GenericLibrary.BaseAPIClass" name="@AfterSuite afterConfiguration" time="0.0">
    <ignored/>
  </testcase> <!-- @AfterSuite afterConfiguration -->
  <testcase classname="GenericLibrary.BaseAPIClass" name="@AfterSuite afterConfiguration" time="0.0">
    <ignored/>
  </testcase> <!-- @AfterSuite afterConfiguration -->
</testsuite> <!-- Test -->
