<?xml version="1.0" encoding="UTF-8"?>
<testng-results ignored="6" total="16" passed="10" failed="0" skipped="0">
  <reporter-output>
    <line>
      <![CDATA[----DB is connected--------]]>
    </line>
    <line>
      <![CDATA[---------DB is disconnected--------]]>
    </line>
  </reporter-output>
  <suite started-at="2022-08-22T11:24:44 IST" name="Suite" finished-at="2022-08-22T11:24:48 IST" duration-ms="4558">
    <groups>
    </groups>
    <test started-at="2022-08-22T11:24:44 IST" name="Test" finished-at="2022-08-22T11:24:48 IST" duration-ms="4558">
      <class name="RMGYANTRA.CreateProjectTest">
        <test-method signature="createProjectTest()[pri:3, instance:RMGYANTRA.CreateProjectTest@f5acb9d]" started-at="2022-08-22T11:24:48 IST" name="createProjectTest" finished-at="2022-08-22T11:24:48 IST" duration-ms="110" status="PASS">
          <reporter-output>
          </reporter-output>
        </test-method> <!-- createProjectTest -->
      </class> <!-- RMGYANTRA.CreateProjectTest -->
      <class name="RMGYANTRA.CreateAndDeleteAProjectTest">
        <test-method signature="deleteSingleProjectTest()[pri:10, instance:RMGYANTRA.CreateAndDeleteAProjectTest@618425b5]" started-at="2022-08-22T11:24:47 IST" name="deleteSingleProjectTest" finished-at="2022-08-22T11:24:47 IST" duration-ms="214" status="PASS">
          <reporter-output>
          </reporter-output>
        </test-method> <!-- deleteSingleProjectTest -->
      </class> <!-- RMGYANTRA.CreateAndDeleteAProjectTest -->
      <class name="RMGYANTRA.GetAllProjectTest">
        <test-method signature="getProjectTest()[pri:4, instance:RMGYANTRA.GetAllProjectTest@58695725]" started-at="2022-08-22T11:24:47 IST" name="getProjectTest" finished-at="2022-08-22T11:24:48 IST" duration-ms="133" status="PASS">
          <reporter-output>
          </reporter-output>
        </test-method> <!-- getProjectTest -->
      </class> <!-- RMGYANTRA.GetAllProjectTest -->
      <class name="RMGYANTRA.CreateAndUpdateProjectTest">
        <test-method signature="updateProjectTest()[pri:9, instance:RMGYANTRA.CreateAndUpdateProjectTest@7bd4937b]" started-at="2022-08-22T11:24:48 IST" name="updateProjectTest" finished-at="2022-08-22T11:24:48 IST" duration-ms="187" status="PASS">
          <reporter-output>
          </reporter-output>
        </test-method> <!-- updateProjectTest -->
      </class> <!-- RMGYANTRA.CreateAndUpdateProjectTest -->
      <class name="RMGYANTRA.CreateProjectUsingJSONFileTest">
        <test-method signature="createProjectUsingJSONFileTest()[pri:6, instance:RMGYANTRA.CreateProjectUsingJSONFileTest@7c24b813]" started-at="2022-08-22T11:24:48 IST" name="createProjectUsingJSONFileTest" finished-at="2022-08-22T11:24:48 IST" duration-ms="104" status="PASS">
          <reporter-output>
          </reporter-output>
        </test-method> <!-- createProjectUsingJSONFileTest -->
      </class> <!-- RMGYANTRA.CreateProjectUsingJSONFileTest -->
      <class name="RMGYANTRA.CreateProjectGetAndVerifyInDB">
        <test-method is-config="true" signature="beforeConfiguration()[pri:0, instance:RMGYANTRA.CreateProjectGetAndVerifyInDB@18d87d80]" started-at="2022-08-22T11:24:42 IST" name="beforeConfiguration" finished-at="2022-08-22T11:24:44 IST" duration-ms="1325" status="PASS">
          <reporter-output>
            <line>
              <![CDATA[----DB is connected--------]]>
            </line>
          </reporter-output>
        </test-method> <!-- beforeConfiguration -->
        <test-method signature="endToEndScenarioTest()[pri:2, instance:RMGYANTRA.CreateProjectGetAndVerifyInDB@18d87d80]" started-at="2022-08-22T11:24:46 IST" name="endToEndScenarioTest" finished-at="2022-08-22T11:24:47 IST" duration-ms="1565" status="PASS">
          <reporter-output>
          </reporter-output>
        </test-method> <!-- endToEndScenarioTest -->
        <test-method is-config="true" signature="afterConfiguration()[pri:0, instance:RMGYANTRA.CreateProjectGetAndVerifyInDB@18d87d80]" started-at="2022-08-22T11:24:48 IST" name="afterConfiguration" finished-at="2022-08-22T11:24:48 IST" duration-ms="8" status="PASS">
          <reporter-output>
            <line>
              <![CDATA[---------DB is disconnected--------]]>
            </line>
          </reporter-output>
        </test-method> <!-- afterConfiguration -->
      </class> <!-- RMGYANTRA.CreateProjectGetAndVerifyInDB -->
      <class name="RMGYANTRA.BasicAuthTest">
        <test-method signature="basicAuthTest()[pri:1, instance:RMGYANTRA.BasicAuthTest@101952da]" started-at="2022-08-22T11:24:44 IST" name="basicAuthTest" finished-at="2022-08-22T11:24:46 IST" duration-ms="1818" status="PASS">
          <reporter-output>
          </reporter-output>
        </test-method> <!-- basicAuthTest -->
      </class> <!-- RMGYANTRA.BasicAuthTest -->
      <class name="RMGYANTRA.CreateProjectUsingMapTest">
        <test-method signature="createProjectUsingMapTest()[pri:8, instance:RMGYANTRA.CreateProjectUsingMapTest@2c35e847]" started-at="2022-08-22T11:24:48 IST" name="createProjectUsingMapTest" finished-at="2022-08-22T11:24:48 IST" duration-ms="72" status="PASS">
          <reporter-output>
          </reporter-output>
        </test-method> <!-- createProjectUsingMapTest -->
      </class> <!-- RMGYANTRA.CreateProjectUsingMapTest -->
      <class name="RMGYANTRA.CreateProjectUsingJSONObjectTest">
        <test-method signature="createProjectUsingJSONObjectTest()[pri:7, instance:RMGYANTRA.CreateProjectUsingJSONObjectTest@543588e6]" started-at="2022-08-22T11:24:48 IST" name="createProjectUsingJSONObjectTest" finished-at="2022-08-22T11:24:48 IST" duration-ms="89" status="PASS">
          <reporter-output>
          </reporter-output>
        </test-method> <!-- createProjectUsingJSONObjectTest -->
      </class> <!-- RMGYANTRA.CreateProjectUsingJSONObjectTest -->
      <class name="RMGYANTRA.GetSingleProjectTest">
        <test-method signature="getSingleProjectTest()[pri:5, instance:RMGYANTRA.GetSingleProjectTest@4fb3ee4e]" started-at="2022-08-22T11:24:48 IST" name="getSingleProjectTest" finished-at="2022-08-22T11:24:48 IST" duration-ms="159" status="PASS">
          <reporter-output>
          </reporter-output>
        </test-method> <!-- getSingleProjectTest -->
      </class> <!-- RMGYANTRA.GetSingleProjectTest -->
    </test> <!-- Test -->
  </suite> <!-- Suite -->
</testng-results>
