<?xml version="1.0" encoding="UTF-8"?>
<testng-results ignored="0" total="1" passed="1" failed="0" skipped="0">
  <reporter-output>
    <line>
      <![CDATA[----DB is connected--------]]>
    </line>
    <line>
      <![CDATA[---------DB is disconnected--------]]>
    </line>
  </reporter-output>
  <suite started-at="2022-08-22T10:31:12 IST" name="Default suite" finished-at="2022-08-22T10:31:16 IST" duration-ms="3797">
    <groups>
    </groups>
    <test started-at="2022-08-22T10:31:12 IST" name="Default test" finished-at="2022-08-22T10:31:16 IST" duration-ms="3797">
      <class name="RMGYANTRA.GetSingleProjectTest">
        <test-method is-config="true" signature="beforeConfiguration()[pri:0, instance:RMGYANTRA.GetSingleProjectTest@169e6180]" started-at="2022-08-22T10:31:11 IST" name="beforeConfiguration" finished-at="2022-08-22T10:31:12 IST" duration-ms="1590" status="PASS">
          <reporter-output>
            <line>
              <![CDATA[----DB is connected--------]]>
            </line>
          </reporter-output>
        </test-method> <!-- beforeConfiguration -->
        <test-method signature="getSingleProjectTest()[pri:5, instance:RMGYANTRA.GetSingleProjectTest@169e6180]" started-at="2022-08-22T10:31:12 IST" name="getSingleProjectTest" finished-at="2022-08-22T10:31:16 IST" duration-ms="3740" status="PASS">
          <reporter-output>
          </reporter-output>
        </test-method> <!-- getSingleProjectTest -->
        <test-method is-config="true" signature="afterConfiguration()[pri:0, instance:RMGYANTRA.GetSingleProjectTest@169e6180]" started-at="2022-08-22T10:31:16 IST" name="afterConfiguration" finished-at="2022-08-22T10:31:16 IST" duration-ms="10" status="PASS">
          <reporter-output>
            <line>
              <![CDATA[---------DB is disconnected--------]]>
            </line>
          </reporter-output>
        </test-method> <!-- afterConfiguration -->
      </class> <!-- RMGYANTRA.GetSingleProjectTest -->
    </test> <!-- Default test -->
  </suite> <!-- Default suite -->
</testng-results>
